<?xml version="1.0" encoding="UTF-8"?>
<!-- Generated by org.testng.reporters.JUnitReportReporter -->
<testsuite hostname="DESKTOP-5159FKT" failures="0" tests="1" name="testClasses.TC01_MiniStatement" time="2.857" errors="0" timestamp="2021-09-09T23:02:52 IST" skipped="0">
  <testcase classname="testClasses.TC01_MiniStatement" name="depositAccount" time="2.857"/>
  <system-out/>
</testsuite> <!-- testClasses.TC01_MiniStatement -->
