<?xml version="1.0" encoding="UTF-8"?>
<!-- Generated by org.testng.reporters.JUnitReportReporter -->
<testsuite hostname="DESKTOP-5159FKT" failures="0" tests="1" name="otherClasses.Addcustomerdata" time="6.601" errors="0" timestamp="2021-09-06T22:51:40 IST" skipped="0">
  <testcase classname="otherClasses.Addcustomerdata" name="exceldatac" time="6.601"/>
  <system-out/>
</testsuite> <!-- otherClasses.Addcustomerdata -->
