<?xml version="1.0" encoding="UTF-8"?>
<!-- Generated by org.testng.reporters.JUnitReportReporter -->
<testsuite hostname="DESKTOP-5159FKT" failures="0" tests="1" name="testClasses.login2" time="9.495" errors="0" timestamp="2021-09-11T03:59:51 IST" skipped="0">
  <testcase classname="testClasses.login2" name="login" time="9.495"/>
  <system-out/>
</testsuite> <!-- testClasses.login2 -->
