<?xml version="1.0" encoding="UTF-8"?>
<!-- Generated by org.testng.reporters.JUnitReportReporter -->
<testsuite hostname="DESKTOP-5159FKT" failures="0" tests="1" name="testClasses.TC01_AddAccountTest" time="15.267" errors="0" timestamp="2021-09-09T23:02:52 IST" skipped="0">
  <testcase classname="testClasses.TC01_AddAccountTest" name="AddCustomer" time="15.267"/>
  <system-out/>
</testsuite> <!-- testClasses.TC01_AddAccountTest -->
