<?xml version="1.0" encoding="UTF-8"?>
<!-- Generated by org.testng.reporters.JUnitReportReporter -->
<testsuite hostname="DESKTOP-5159FKT" failures="0" tests="1" name="otherClasses.KDFlogin" time="3.137" errors="0" timestamp="2021-09-06T13:33:06 IST" skipped="0">
  <testcase classname="otherClasses.KDFlogin" name="exceldata" time="3.137"/>
  <system-out/>
</testsuite> <!-- otherClasses.KDFlogin -->
