<?xml version="1.0" encoding="UTF-8"?>
<!-- Generated by org.testng.reporters.JUnitReportReporter -->
<testsuite hostname="DESKTOP-5159FKT" failures="0" tests="1" name="testClasses.TC01_AddAccount" time="13.713" errors="0" timestamp="2021-09-09T02:15:37 IST" skipped="0">
  <testcase classname="testClasses.TC01_AddAccount" name="AddCustomer" time="13.713"/>
  <system-out/>
</testsuite> <!-- testClasses.TC01_AddAccount -->
