<?xml version="1.0" encoding="UTF-8"?>
<!-- Generated by org.testng.reporters.JUnitReportReporter -->
<testsuite hostname="DESKTOP-5159FKT" failures="0" tests="1" name="testClasses.TC01_RemoveAccountTest" time="3.552" errors="0" timestamp="2021-09-09T18:00:02 IST" skipped="0">
  <testcase classname="testClasses.TC01_RemoveAccountTest" name="deleteAccount" time="3.552"/>
  <system-out/>
</testsuite> <!-- testClasses.TC01_RemoveAccountTest -->
