<?xml version="1.0" encoding="UTF-8"?>
<!-- Generated by org.testng.reporters.JUnitReportReporter -->
<testsuite hostname="DESKTOP-5159FKT" failures="0" tests="1" name="testClasses.TC01_RemoveAccount" time="4.349" errors="0" timestamp="2021-09-09T02:15:37 IST" skipped="0">
  <testcase classname="testClasses.TC01_RemoveAccount" name="deleteAccount" time="4.349"/>
  <system-out/>
</testsuite> <!-- testClasses.TC01_RemoveAccount -->
